# JRE version: OpenJDK Runtime Environment (8.0_242-b01) (build 1.8.0_242-release-1644-b01)
# Java VM: OpenJDK 64-Bit Server VM (25.242-b01 mixed mode windows-amd64 compressed oops)
Heap:
 PSYoungGen      total 452608K, used 14729K [0x00000000d5580000, 0x00000000f5d00000, 0x0000000100000000)
  eden space 420352K, 0% used [0x00000000d5580000,0x00000000d5580000,0x00000000ef000000)
  from space 32256K, 45% used [0x00000000f0e00000,0x00000000f1c62548,0x00000000f2d80000)
  to   space 30720K, 0% used [0x00000000ef000000,0x00000000ef000000,0x00000000f0e00000)
 ParOldGen       total 211456K, used 71052K [0x0000000080000000, 0x000000008ce80000, 0x00000000d5580000)
  object space 211456K, 33% used [0x0000000080000000,0x0000000084563070,0x000000008ce80000)
 Metaspace       used 92291K, capacity 98504K, committed 98600K, reserved 1134592K
  class space    used 12082K, capacity 13213K, committed 13232K, reserved 1048576K
GC Heap History (10 events):
Event: 19.977 GC heap after
Heap after GC invocations=13 (full 3):
 PSYoungGen      total 420864K, used 29674K [0x00000000d5580000, 0x00000000f1880000, 0x0000000100000000)
  eden space 391168K, 0% used [0x00000000d5580000,0x00000000d5580000,0x00000000ed380000)
  from space 29696K, 99% used [0x00000000efb80000,0x00000000f187aa48,0x00000000f1880000)
  to   space 35328K, 0% used [0x00000000ed380000,0x00000000ed380000,0x00000000ef600000)
 ParOldGen       total 211456K, used 46991K [0x0000000080000000, 0x000000008ce80000, 0x00000000d5580000)
  object space 211456K, 22% used [0x0000000080000000,0x0000000082de3cd0,0x000000008ce80000)
 Metaspace       used 80120K, capacity 83970K, committed 84120K, reserved 1122304K
  class space    used 10620K, capacity 11351K, committed 11440K, reserved 1048576K
}
Event: 62.675 GC heap before
{Heap before GC invocations=14 (full 3):
 PSYoungGen      total 420864K, used 420842K [0x00000000d5580000, 0x00000000f1880000, 0x0000000100000000)
  eden space 391168K, 100% used [0x00000000d5580000,0x00000000ed380000,0x00000000ed380000)
  from space 29696K, 99% used [0x00000000efb80000,0x00000000f187aa48,0x00000000f1880000)
  to   space 35328K, 0% used [0x00000000ed380000,0x00000000ed380000,0x00000000ef600000)
 ParOldGen       total 211456K, used 46991K [0x0000000080000000, 0x000000008ce80000, 0x00000000d5580000)
  object space 211456K, 22% used [0x0000000080000000,0x0000000082de3cd0,0x000000008ce80000)
 Metaspace       used 81174K, capacity 85146K, committed 85400K, reserved 1124352K
  class space    used 10661K, capacity 11415K, committed 11440K, reserved 1048576K
Event: 62.688 GC heap after
Heap after GC invocations=14 (full 3):
 PSYoungGen      total 426496K, used 6464K [0x00000000d5580000, 0x00000000f4c00000, 0x0000000100000000)
  eden space 391168K, 0% used [0x00000000d5580000,0x00000000d5580000,0x00000000ed380000)
  from space 35328K, 18% used [0x00000000ed380000,0x00000000ed9d0020,0x00000000ef600000)
  to   space 34816K, 0% used [0x00000000f2a00000,0x00000000f2a00000,0x00000000f4c00000)
 ParOldGen       total 211456K, used 71028K [0x0000000080000000, 0x000000008ce80000, 0x00000000d5580000)
  object space 211456K, 33% used [0x0000000080000000,0x000000008455d070,0x000000008ce80000)
 Metaspace       used 81174K, capacity 85146K, committed 85400K, reserved 1124352K
  class space    used 10661K, capacity 11415K, committed 11440K, reserved 1048576K
}
Event: 176.178 GC heap before
{Heap before GC invocations=15 (full 3):
 PSYoungGen      total 426496K, used 397632K [0x00000000d5580000, 0x00000000f4c00000, 0x0000000100000000)
  eden space 391168K, 100% used [0x00000000d5580000,0x00000000ed380000,0x00000000ed380000)
  from space 35328K, 18% used [0x00000000ed380000,0x00000000ed9d0020,0x00000000ef600000)
  to   space 34816K, 0% used [0x00000000f2a00000,0x00000000f2a00000,0x00000000f4c00000)
 ParOldGen       total 211456K, used 71028K [0x0000000080000000, 0x000000008ce80000, 0x00000000d5580000)
  object space 211456K, 33% used [0x0000000080000000,0x000000008455d070,0x000000008ce80000)
 Metaspace       used 81891K, capacity 86374K, committed 86552K, reserved 1124352K
  class space    used 10717K, capacity 11517K, committed 11568K, reserved 1048576K
Event: 176.184 GC heap after
Heap after GC invocations=15 (full 3):
 PSYoungGen      total 457216K, used 9024K [0x00000000d5580000, 0x00000000f4080000, 0x0000000100000000)
  eden space 434176K, 0% used [0x00000000d5580000,0x00000000d5580000,0x00000000efd80000)
  from space 23040K, 39% used [0x00000000f2a00000,0x00000000f32d0020,0x00000000f4080000)
  to   space 34304K, 0% used [0x00000000efd80000,0x00000000efd80000,0x00000000f1f00000)
 ParOldGen       total 211456K, used 71036K [0x0000000080000000, 0x000000008ce80000, 0x00000000d5580000)
  object space 211456K, 33% used [0x0000000080000000,0x000000008455f070,0x000000008ce80000)
 Metaspace       used 81891K, capacity 86374K, committed 86552K, reserved 1124352K
  class space    used 10717K, capacity 11517K, committed 11568K, reserved 1048576K
}
Event: 336.773 GC heap before
{Heap before GC invocations=16 (full 3):
 PSYoungGen      total 457216K, used 443200K [0x00000000d5580000, 0x00000000f4080000, 0x0000000100000000)
  eden space 434176K, 100% used [0x00000000d5580000,0x00000000efd80000,0x00000000efd80000)
  from space 23040K, 39% used [0x00000000f2a00000,0x00000000f32d0020,0x00000000f4080000)
  to   space 34304K, 0% used [0x00000000efd80000,0x00000000efd80000,0x00000000f1f00000)
 ParOldGen       total 211456K, used 71036K [0x0000000080000000, 0x000000008ce80000, 0x00000000d5580000)
  object space 211456K, 33% used [0x0000000080000000,0x000000008455f070,0x000000008ce80000)
 Metaspace       used 89429K, capacity 95708K, committed 95768K, reserved 1132544K
  class space    used 11667K, capacity 12796K, committed 12848K, reserved 1048576K
Event: 336.782 GC heap after
Heap after GC invocations=16 (full 3):
 PSYoungGen      total 433152K, used 14043K [0x00000000d5580000, 0x00000000f2d80000, 0x0000000100000000)
  eden space 418816K, 0% used [0x00000000d5580000,0x00000000d5580000,0x00000000eee80000)
  from space 14336K, 97% used [0x00000000efd80000,0x00000000f0b36d58,0x00000000f0b80000)
  to   space 32256K, 0% used [0x00000000f0e00000,0x00000000f0e00000,0x00000000f2d80000)
 ParOldGen       total 211456K, used 71044K [0x0000000080000000, 0x000000008ce80000, 0x00000000d5580000)
  object space 211456K, 33% used [0x0000000080000000,0x0000000084561070,0x000000008ce80000)
 Metaspace       used 89429K, capacity 95708K, committed 95768K, reserved 1132544K
  class space    used 11667K, capacity 12796K, committed 12848K, reserved 1048576K
}
Event: 337.152 GC heap before
{Heap before GC invocations=17 (full 3):
 PSYoungGen      total 433152K, used 89021K [0x00000000d5580000, 0x00000000f2d80000, 0x0000000100000000)
  eden space 418816K, 17% used [0x00000000d5580000,0x00000000d9eb8800,0x00000000eee80000)
  from space 14336K, 97% used [0x00000000efd80000,0x00000000f0b36d58,0x00000000f0b80000)
  to   space 32256K, 0% used [0x00000000f0e00000,0x00000000f0e00000,0x00000000f2d80000)
 ParOldGen       total 211456K, used 71044K [0x0000000080000000, 0x000000008ce80000, 0x00000000d5580000)
  object space 211456K, 33% used [0x0000000080000000,0x0000000084561070,0x000000008ce80000)
 Metaspace       used 92291K, capacity 98504K, committed 98600K, reserved 1134592K
  class space    used 12082K, capacity 13213K, committed 13232K, reserved 1048576K
Event: 337.159 GC heap after
Heap after GC invocations=17 (full 3):
 PSYoungGen      total 452608K, used 14729K [0x00000000d5580000, 0x00000000f5d00000, 0x0000000100000000)
  eden space 420352K, 0% used [0x00000000d5580000,0x00000000d5580000,0x00000000ef000000)
  from space 32256K, 45% used [0x00000000f0e00000,0x00000000f1c62548,0x00000000f2d80000)
  to   space 30720K, 0% used [0x00000000ef000000,0x00000000ef000000,0x00000000f0e00000)
 ParOldGen       total 211456K, used 71052K [0x0000000080000000, 0x000000008ce80000, 0x00000000d5580000)
  object space 211456K, 33% used [0x0000000080000000,0x0000000084563070,0x000000008ce80000)
 Metaspace       used 92291K, capacity 98504K, committed 98600K, reserved 1134592K
  class space    used 12082K, capacity 13213K, committed 13232K, reserved 1048576K
}
Event: 337.160 GC heap before
{Heap before GC invocations=18 (full 4):
 PSYoungGen      total 452608K, used 14729K [0x00000000d5580000, 0x00000000f5d00000, 0x0000000100000000)
  eden space 420352K, 0% used [0x00000000d5580000,0x00000000d5580000,0x00000000ef000000)
  from space 32256K, 45% used [0x00000000f0e00000,0x00000000f1c62548,0x00000000f2d80000)
  to   space 30720K, 0% used [0x00000000ef000000,0x00000000ef000000,0x00000000f0e00000)
 ParOldGen       total 211456K, used 71052K [0x0000000080000000, 0x000000008ce80000, 0x00000000d5580000)
  object space 211456K, 33% used [0x0000000080000000,0x0000000084563070,0x000000008ce80000)
 Metaspace       used 92291K, capacity 98504K, committed 98600K, reserved 1134592K
  class space    used 12082K, capacity 13213K, committed 13232K, reserved 1048576K

